# JRE version: OpenJDK Runtime Environment (16.0.1+9) (build 16.0.1+9-24)
# Java VM: OpenJDK 64-Bit Server VM (16.0.1+9-24, mixed mode, sharing, tiered, compressed oops, compressed class ptrs, g1 gc, windows-amd64)
GC Precious Log:
 CPUs: 8 total, 8 available
 Memory: 8149M
 Large Page Support: Disabled
 NUMA Support: Disabled
 Compressed Oops: Enabled (32-bit)
 Heap Region Size: 1M
 Heap Min Capacity: 8M
 Heap Initial Capacity: 128M
 Heap Max Capacity: 2038M
 Pre-touch: Disabled
 Parallel Workers: 8
 Concurrent Workers: 2
 Concurrent Refinement Workers: 8
 Periodic GC: Disabled
Heap:
 garbage-first heap   total 37888K, used 14397K [0x0000000080a00000, 0x0000000100000000)
  region size 1024K, 3 young (3072K), 2 survivors (2048K)
 Metaspace       used 30405K, committed 30848K, reserved 1081344K
  class space    used 3723K, committed 3968K, reserved 1048576K
GC Heap History (10 events):
Event: 1.507 GC heap before
{Heap before GC invocations=0 (full 0):
 garbage-first heap   total 131072K, used 22528K [0x0000000080a00000, 0x0000000100000000)
  region size 1024K, 23 young (23552K), 0 survivors (0K)
 Metaspace       used 6559K, committed 6720K, reserved 1056768K
  class space    used 751K, committed 832K, reserved 1048576K
}
Event: 1.516 GC heap after
{Heap after GC invocations=1 (full 0):
 garbage-first heap   total 131072K, used 4856K [0x0000000080a00000, 0x0000000100000000)
  region size 1024K, 3 young (3072K), 3 survivors (3072K)
 Metaspace       used 6559K, committed 6720K, reserved 1056768K
  class space    used 751K, committed 832K, reserved 1048576K
}
Event: 1.975 GC heap before
{Heap before GC invocations=1 (full 0):
 garbage-first heap   total 131072K, used 29432K [0x0000000080a00000, 0x0000000100000000)
  region size 1024K, 28 young (28672K), 3 survivors (3072K)
 Metaspace       used 13124K, committed 13312K, reserved 1064960K
  class space    used 1569K, committed 1664K, reserved 1048576K
}
Event: 1.982 GC heap after
{Heap after GC invocations=2 (full 0):
 garbage-first heap   total 131072K, used 6442K [0x0000000080a00000, 0x0000000100000000)
  region size 1024K, 2 young (2048K), 2 survivors (2048K)
 Metaspace       used 13124K, committed 13312K, reserved 1064960K
  class space    used 1569K, committed 1664K, reserved 1048576K
}
Event: 3.174 GC heap before
{Heap before GC invocations=2 (full 0):
 garbage-first heap   total 131072K, used 48426K [0x0000000080a00000, 0x0000000100000000)
  region size 1024K, 45 young (46080K), 2 survivors (2048K)
 Metaspace       used 20923K, committed 21248K, reserved 1073152K
  class space    used 2581K, committed 2752K, reserved 1048576K
}
Event: 3.181 GC heap after
{Heap after GC invocations=3 (full 0):
 garbage-first heap   total 131072K, used 9554K [0x0000000080a00000, 0x0000000100000000)
  region size 1024K, 5 young (5120K), 5 survivors (5120K)
 Metaspace       used 20923K, committed 21248K, reserved 1073152K
  class space    used 2581K, committed 2752K, reserved 1048576K
}
Event: 3.720 GC heap before
{Heap before GC invocations=4 (full 0):
 garbage-first heap   total 37888K, used 26962K [0x0000000080a00000, 0x0000000100000000)
  region size 1024K, 22 young (22528K), 5 survivors (5120K)
 Metaspace       used 24193K, committed 24448K, reserved 1073152K
  class space    used 2949K, committed 3072K, reserved 1048576K
}
Event: 3.727 GC heap after
{Heap after GC invocations=5 (full 0):
 garbage-first heap   total 37888K, used 11154K [0x0000000080a00000, 0x0000000100000000)
  region size 1024K, 2 young (2048K), 2 survivors (2048K)
 Metaspace       used 24193K, committed 24448K, reserved 1073152K
  class space    used 2949K, committed 3072K, reserved 1048576K
}
Event: 19.056 GC heap before
{Heap before GC invocations=5 (full 0):
 garbage-first heap   total 37888K, used 26514K [0x0000000080a00000, 0x0000000100000000)
  region size 1024K, 17 young (17408K), 2 survivors (2048K)
 Metaspace       used 27555K, committed 27840K, reserved 1081344K
  class space    used 3371K, committed 3520K, reserved 1048576K
}
Event: 19.060 GC heap after
{Heap after GC invocations=6 (full 0):
 garbage-first heap   total 37888K, used 13290K [0x0000000080a00000, 0x0000000100000000)
  region size 1024K, 3 young (3072K), 3 survivors (3072K)
 Metaspace       used 27555K, committed 27840K, reserved 1081344K
  class space    used 3371K, committed 3520K, reserved 1048576K
}

