# JRE version: OpenJDK Runtime Environment (16.0.1+9) (build 16.0.1+9-24)
# Java VM: OpenJDK 64-Bit Server VM (16.0.1+9-24, mixed mode, sharing, tiered, compressed oops, compressed class ptrs, g1 gc, windows-amd64)
GC Precious Log:
 CPUs: 8 total, 8 available
 Memory: 8149M
 Large Page Support: Disabled
 NUMA Support: Disabled
 Compressed Oops: Enabled (32-bit)
 Heap Region Size: 1M
 Heap Min Capacity: 8M
 Heap Initial Capacity: 128M
 Heap Max Capacity: 2038M
 Pre-touch: Disabled
 Parallel Workers: 8
 Concurrent Workers: 2
 Concurrent Refinement Workers: 8
 Periodic GC: Disabled
Heap:
 garbage-first heap   total 37888K, used 23012K [0x0000000080a00000, 0x0000000100000000)
  region size 1024K, 14 young (14336K), 3 survivors (3072K)
 Metaspace       used 29918K, committed 30272K, reserved 1081344K
  class space    used 3630K, committed 3776K, reserved 1048576K
GC Heap History (10 events):
Event: 1.293 GC heap before
{Heap before GC invocations=0 (full 0):
 garbage-first heap   total 131072K, used 22528K [0x0000000080a00000, 0x0000000100000000)
  region size 1024K, 23 young (23552K), 0 survivors (0K)
 Metaspace       used 6565K, committed 6784K, reserved 1056768K
  class space    used 750K, committed 832K, reserved 1048576K
}
Event: 1.300 GC heap after
{Heap after GC invocations=1 (full 0):
 garbage-first heap   total 131072K, used 4826K [0x0000000080a00000, 0x0000000100000000)
  region size 1024K, 3 young (3072K), 3 survivors (3072K)
 Metaspace       used 6565K, committed 6784K, reserved 1056768K
  class space    used 750K, committed 832K, reserved 1048576K
}
Event: 1.773 GC heap before
{Heap before GC invocations=1 (full 0):
 garbage-first heap   total 131072K, used 30426K [0x0000000080a00000, 0x0000000100000000)
  region size 1024K, 28 young (28672K), 3 survivors (3072K)
 Metaspace       used 13151K, committed 13312K, reserved 1064960K
  class space    used 1569K, committed 1664K, reserved 1048576K
}
Event: 1.778 GC heap after
{Heap after GC invocations=2 (full 0):
 garbage-first heap   total 131072K, used 6435K [0x0000000080a00000, 0x0000000100000000)
  region size 1024K, 2 young (2048K), 2 survivors (2048K)
 Metaspace       used 13151K, committed 13312K, reserved 1064960K
  class space    used 1569K, committed 1664K, reserved 1048576K
}
Event: 2.891 GC heap before
{Heap before GC invocations=2 (full 0):
 garbage-first heap   total 131072K, used 49443K [0x0000000080a00000, 0x0000000100000000)
  region size 1024K, 45 young (46080K), 2 survivors (2048K)
 Metaspace       used 20929K, committed 21248K, reserved 1073152K
  class space    used 2580K, committed 2752K, reserved 1048576K
}
Event: 2.898 GC heap after
{Heap after GC invocations=3 (full 0):
 garbage-first heap   total 131072K, used 9543K [0x0000000080a00000, 0x0000000100000000)
  region size 1024K, 5 young (5120K), 5 survivors (5120K)
 Metaspace       used 20929K, committed 21248K, reserved 1073152K
  class space    used 2580K, committed 2752K, reserved 1048576K
}
Event: 3.434 GC heap before
{Heap before GC invocations=4 (full 0):
 garbage-first heap   total 37888K, used 26951K [0x0000000080a00000, 0x0000000100000000)
  region size 1024K, 22 young (22528K), 5 survivors (5120K)
 Metaspace       used 24208K, committed 24512K, reserved 1073152K
  class space    used 2949K, committed 3072K, reserved 1048576K
}
Event: 3.439 GC heap after
{Heap after GC invocations=5 (full 0):
 garbage-first heap   total 37888K, used 11134K [0x0000000080a00000, 0x0000000100000000)
  region size 1024K, 2 young (2048K), 2 survivors (2048K)
 Metaspace       used 24208K, committed 24512K, reserved 1073152K
  class space    used 2949K, committed 3072K, reserved 1048576K
}
Event: 9.122 GC heap before
{Heap before GC invocations=5 (full 0):
 garbage-first heap   total 37888K, used 25470K [0x0000000080a00000, 0x0000000100000000)
  region size 1024K, 17 young (17408K), 2 survivors (2048K)
 Metaspace       used 27721K, committed 27968K, reserved 1081344K
  class space    used 3385K, committed 3520K, reserved 1048576K
}
Event: 9.125 GC heap after
{Heap after GC invocations=6 (full 0):
 garbage-first heap   total 37888K, used 12772K [0x0000000080a00000, 0x0000000100000000)
  region size 1024K, 3 young (3072K), 3 survivors (3072K)
 Metaspace       used 27721K, committed 27968K, reserved 1081344K
  class space    used 3385K, committed 3520K, reserved 1048576K
}

